<?xml version="1.0" encoding="UTF-8"?>
<!-- Generated by org.testng.reporters.JUnitReportReporter -->
<testsuite skipped="1" hostname="LAPTOP-KDHL0MGF" name="api.mediaplanandplaylist.MediaplanAndPlaylistTest" tests="25" failures="0" timestamp="2023-04-06T18:03:06 GMT+07:00" time="9.966" errors="0">
  <testcase name="deleteMediaplan" time="0.218" classname="api.mediaplanandplaylist.MediaplanAndPlaylistTest"/>
  <system-out/>
  <testcase name="setActivePlaylistAfterEdit" time="0.319" classname="api.mediaplanandplaylist.MediaplanAndPlaylistTest"/>
  <system-out/>
  <testcase name="setActivePlaylist" time="0.258" classname="api.mediaplanandplaylist.MediaplanAndPlaylistTest"/>
  <system-out/>
  <testcase name="moderationApproveEditor" time="0.347" classname="api.mediaplanandplaylist.MediaplanAndPlaylistTest"/>
  <system-out/>
  <testcase name="moderationContentDecline" time="0.246" classname="api.mediaplanandplaylist.MediaplanAndPlaylistTest"/>
  <system-out/>
  <testcase name="checkMediaplanAfterClear" time="0.245" classname="api.mediaplanandplaylist.MediaplanAndPlaylistTest"/>
  <system-out/>
  <testcase name="playlistSetActiveAfterEdit" time="0.421" classname="api.mediaplanandplaylist.MediaplanAndPlaylistTest"/>
  <system-out/>
  <testcase name="checkMediaplanAfterEditPlaylist" time="0.498" classname="api.mediaplanandplaylist.MediaplanAndPlaylistTest"/>
  <system-out/>
  <testcase name="getPlaylist" time="0.960" classname="api.mediaplanandplaylist.MediaplanAndPlaylistTest"/>
  <system-out/>
  <testcase name="playlistSetActive" time="0.511" classname="api.mediaplanandplaylist.MediaplanAndPlaylistTest"/>
  <system-out/>
  <testcase name="createPlaylist" time="0.270" classname="api.mediaplanandplaylist.MediaplanAndPlaylistTest"/>
  <system-out/>
  <testcase name="checkCreatedContentStream" time="0.363" classname="api.mediaplanandplaylist.MediaplanAndPlaylistTest"/>
  <system-out/>
  <testcase name="findCreatedMediaplan" time="0.349" classname="api.mediaplanandplaylist.MediaplanAndPlaylistTest"/>
  <system-out/>
  <testcase name="createMediaplan" time="0.340" classname="api.mediaplanandplaylist.MediaplanAndPlaylistTest"/>
  <system-out/>
  <testcase name="findEditedMediaplan" time="0.304" classname="api.mediaplanandplaylist.MediaplanAndPlaylistTest"/>
  <system-out/>
  <testcase name="findDeletedMediaplan" time="0.199" classname="api.mediaplanandplaylist.MediaplanAndPlaylistTest"/>
  <system-out/>
  <testcase name="moderationApproveModerator1" time="0.956" classname="api.mediaplanandplaylist.MediaplanAndPlaylistTest"/>
  <system-out/>
  <testcase name="editMediaplan" time="0.646" classname="api.mediaplanandplaylist.MediaplanAndPlaylistTest"/>
  <system-out/>
  <testcase name="getPlaylistAfterEdit" time="0.542" classname="api.mediaplanandplaylist.MediaplanAndPlaylistTest"/>
  <system-out/>
  <testcase name="createStreamContent" time="0.314" classname="api.mediaplanandplaylist.MediaplanAndPlaylistTest"/>
  <system-out/>
  <testcase name="moderationApproveChiefEditor" time="0.384" classname="api.mediaplanandplaylist.MediaplanAndPlaylistTest"/>
  <system-out/>
  <testcase name="clearMediaplan" time="0.288" classname="api.mediaplanandplaylist.MediaplanAndPlaylistTest"/>
  <system-out/>
  <testcase name="editPlaylistByaddContentOnPlaylist" time="0.638" classname="api.mediaplanandplaylist.MediaplanAndPlaylistTest"/>
  <system-out/>
  <testcase name="moderationApproveModerator2" time="0.350" classname="api.mediaplanandplaylist.MediaplanAndPlaylistTest"/>
  <system-out/>
  <testcase name="moderationDecline" classname="api.mediaplanandplaylist.MediaplanAndPlaylistTest">
    <skipped/>
  </testcase> <!-- moderationDecline -->
  <system-out/>
</testsuite> <!-- api.mediaplanandplaylist.MediaplanAndPlaylistTest -->
