<?xml version="1.0" encoding="UTF-8"?>
<!-- Generated by org.testng.reporters.JUnitReportReporter -->
<testsuite skipped="0" hostname="LAPTOP-KDHL0MGF" name="innerApiForSchedule.InnerApiForSchedulerTest" tests="7" failures="0" timestamp="2023-04-06T18:03:06 GMT+07:00" time="7.185" errors="0">
  <testcase name="testMetroStatistics" time="1.107" classname="innerApiForSchedule.InnerApiForSchedulerTest"/>
  <system-out/>
  <testcase name="testStationaryMonitors" time="0.208" classname="innerApiForSchedule.InnerApiForSchedulerTest"/>
  <system-out/>
  <testcase name="testStationMonitors" time="0.732" classname="innerApiForSchedule.InnerApiForSchedulerTest"/>
  <system-out/>
  <testcase name="testStatusStreamMM" time="0.882" classname="innerApiForSchedule.InnerApiForSchedulerTest"/>
  <system-out/>
  <testcase name="testTransportLocation" time="0.235" classname="innerApiForSchedule.InnerApiForSchedulerTest"/>
  <system-out/>
  <testcase name="testGroundTransportStatistics" time="1.983" classname="innerApiForSchedule.InnerApiForSchedulerTest"/>
  <system-out/>
  <testcase name="testSettingsData" time="2.038" classname="innerApiForSchedule.InnerApiForSchedulerTest"/>
  <system-out/>
</testsuite> <!-- innerApiForSchedule.InnerApiForSchedulerTest -->
