<?xml version="1.0" encoding="UTF-8"?>
<!-- Generated by org.testng.reporters.JUnitReportReporter -->
<testsuite skipped="0" hostname="LAPTOP-KDHL0MGF" name="api.geozone.GeoZonesTest" tests="2" failures="0" timestamp="2023-04-06T18:03:06 GMT+07:00" time="1.632" errors="0">
  <testcase name="getGeoZonesById" time="1.184" classname="api.geozone.GeoZonesTest"/>
  <system-out/>
  <testcase name="getGeoZones" time="0.448" classname="api.geozone.GeoZonesTest"/>
  <system-out/>
</testsuite> <!-- api.geozone.GeoZonesTest -->
