<?xml version="1.0" encoding="UTF-8"?>
<!-- Generated by org.testng.reporters.JUnitReportReporter -->
<testsuite skipped="2" hostname="LAPTOP-KDHL0MGF" name="api.hashtag.HashTagTest" tests="3" failures="0" timestamp="2023-04-06T18:03:06 GMT+07:00" time="0.893" errors="0">
  <testcase name="checkHashTags" time="0.893" classname="api.hashtag.HashTagTest"/>
  <system-out/>
  <testcase name="errorCreateHashTag" classname="api.hashtag.HashTagTest">
    <skipped/>
  </testcase> <!-- errorCreateHashTag -->
  <system-out/>
  <testcase name="createHashTag" classname="api.hashtag.HashTagTest">
    <skipped/>
  </testcase> <!-- createHashTag -->
  <system-out/>
</testsuite> <!-- api.hashtag.HashTagTest -->
