<?xml version="1.0" encoding="UTF-8"?>
<!-- Generated by org.testng.reporters.JUnitReportReporter -->
<testsuite skipped="0" hostname="LAPTOP-KDHL0MGF" name="api.transportroutes.TransportRoutesTest" tests="4" failures="0" timestamp="2023-04-06T18:03:06 GMT+07:00" time="1.812" errors="0">
  <testcase name="busTransportRoutes" time="0.692" classname="api.transportroutes.TransportRoutesTest"/>
  <system-out/>
  <testcase name="trammTransportRoutes" time="0.397" classname="api.transportroutes.TransportRoutesTest"/>
  <system-out/>
  <testcase name="metroTransportRoutes" time="0.435" classname="api.transportroutes.TransportRoutesTest"/>
  <system-out/>
  <testcase name="trollTransportRoutes" time="0.288" classname="api.transportroutes.TransportRoutesTest"/>
  <system-out/>
</testsuite> <!-- api.transportroutes.TransportRoutesTest -->
