<?xml version="1.0" encoding="UTF-8"?>
<!-- Generated by org.testng.reporters.JUnitReportReporter -->
<testsuite skipped="0" hostname="LAPTOP-KDHL0MGF" name="api.authorisation.AuthTest" tests="9" failures="0" timestamp="2023-04-06T18:03:06 GMT+07:00" time="17.742" errors="0">
  <testcase name="authBlockedUser" time="0.391" classname="api.authorisation.AuthTest"/>
  <system-out/>
  <testcase name="authChiefEditor" time="0.479" classname="api.authorisation.AuthTest"/>
  <system-out/>
  <testcase name="authAdministrator" time="12.161" classname="api.authorisation.AuthTest"/>
  <system-out/>
  <testcase name="authWrongPassword" time="0.373" classname="api.authorisation.AuthTest"/>
  <system-out/>
  <testcase name="authModerator2" time="0.448" classname="api.authorisation.AuthTest"/>
  <system-out/>
  <testcase name="authModerator1" time="0.488" classname="api.authorisation.AuthTest"/>
  <system-out/>
  <testcase name="logout" time="2.614" classname="api.authorisation.AuthTest"/>
  <system-out/>
  <testcase name="authEditor" time="0.452" classname="api.authorisation.AuthTest"/>
  <system-out/>
  <testcase name="authWrongLogin" time="0.336" classname="api.authorisation.AuthTest"/>
  <system-out/>
</testsuite> <!-- api.authorisation.AuthTest -->
