<?xml version="1.0" encoding="UTF-8"?>
<!-- Generated by org.testng.reporters.JUnitReportReporter -->
<testsuite skipped="0" hostname="LAPTOP-KDHL0MGF" name="api.mediacenters.GroundMediacentersTest" tests="6" failures="0" timestamp="2023-04-06T18:03:06 GMT+07:00" time="1.883" errors="0">
  <testcase name="testFindEditedGroundMC" time="0.312" classname="api.mediacenters.GroundMediacentersTest"/>
  <system-out/>
  <testcase name="testEditGroundMC" time="0.264" classname="api.mediacenters.GroundMediacentersTest"/>
  <system-out/>
  <testcase name="testFindGroundMCAfterDelete" time="0.274" classname="api.mediacenters.GroundMediacentersTest"/>
  <system-out/>
  <testcase name="testFindCreatedGroundMC" time="0.346" classname="api.mediacenters.GroundMediacentersTest"/>
  <system-out/>
  <testcase name="testDeleteGroundMediacomplex" time="0.289" classname="api.mediacenters.GroundMediacentersTest"/>
  <system-out/>
  <testcase name="testCreateGroundMC" time="0.398" classname="api.mediacenters.GroundMediacentersTest"/>
  <system-out/>
</testsuite> <!-- api.mediacenters.GroundMediacentersTest -->
