<?xml version="1.0" encoding="UTF-8"?>
<!-- Generated by org.testng.reporters.JUnitReportReporter -->
<testsuite skipped="0" hostname="LAPTOP-KDHL0MGF" name="api.content2.ContentAndModerationTest" tests="20" failures="0" timestamp="2023-04-06T18:03:06 GMT+07:00" time="8.038" errors="0">
  <testcase name="createContentString" time="0.480" classname="api.content2.ContentAndModerationTest"/>
  <system-out/>
  <testcase name="moderationStringDecline" time="0.291" classname="api.content2.ContentAndModerationTest"/>
  <system-out/>
  <testcase name="createContentStream" time="0.441" classname="api.content2.ContentAndModerationTest"/>
  <system-out/>
  <testcase name="moderationStringApproveModerator2" time="0.262" classname="api.content2.ContentAndModerationTest"/>
  <system-out/>
  <testcase name="checkCreatedContentStringAfterEdit" time="0.505" classname="api.content2.ContentAndModerationTest"/>
  <system-out/>
  <testcase name="moderationStreamApproveModerator1" time="0.421" classname="api.content2.ContentAndModerationTest"/>
  <system-out/>
  <testcase name="moderationStreamApproveChiefEditor" time="0.444" classname="api.content2.ContentAndModerationTest"/>
  <system-out/>
  <testcase name="moderationApproveEditorAfterCreateStream" time="0.459" classname="api.content2.ContentAndModerationTest"/>
  <system-out/>
  <testcase name="moderationStringApproveModerator1" time="0.270" classname="api.content2.ContentAndModerationTest"/>
  <system-out/>
  <testcase name="moderationStreamApproveModerator2" time="0.373" classname="api.content2.ContentAndModerationTest"/>
  <system-out/>
  <testcase name="moderationTabsForString" time="0.424" classname="api.content2.ContentAndModerationTest"/>
  <system-out/>
  <testcase name="editContentString" time="0.349" classname="api.content2.ContentAndModerationTest"/>
  <system-out/>
  <testcase name="checkCreatedContentStringAfterCreate" time="0.621" classname="api.content2.ContentAndModerationTest"/>
  <system-out/>
  <testcase name="editContentStream" time="0.356" classname="api.content2.ContentAndModerationTest"/>
  <system-out/>
  <testcase name="checkCreatedContentStreamAfterCreate" time="0.610" classname="api.content2.ContentAndModerationTest"/>
  <system-out/>
  <testcase name="moderationStringApproveChiefEditor" time="0.284" classname="api.content2.ContentAndModerationTest"/>
  <system-out/>
  <testcase name="moderationStreamDecline" time="0.291" classname="api.content2.ContentAndModerationTest"/>
  <system-out/>
  <testcase name="moderationTabsForVideoAndStream" time="0.268" classname="api.content2.ContentAndModerationTest"/>
  <system-out/>
  <testcase name="moderationApproveEditorAfterCreateString" time="0.331" classname="api.content2.ContentAndModerationTest"/>
  <system-out/>
  <testcase name="checkCreatedContentStreamAfterEdit" time="0.558" classname="api.content2.ContentAndModerationTest"/>
  <system-out/>
</testsuite> <!-- api.content2.ContentAndModerationTest -->
