<?xml version="1.0" encoding="UTF-8"?>
<!-- Generated by org.testng.reporters.JUnitReportReporter -->
<testsuite skipped="0" hostname="LAPTOP-KDHL0MGF" name="api.mediaplangroups.MediaplanGroupTest" tests="4" failures="0" timestamp="2023-04-06T18:03:06 GMT+07:00" time="1.778" errors="0">
  <testcase name="checkGroundMediaplanGroup" time="0.983" classname="api.mediaplangroups.MediaplanGroupTest"/>
  <system-out/>
  <testcase name="editGroundMediaplanGroup" time="0.241" classname="api.mediaplangroups.MediaplanGroupTest"/>
  <system-out/>
  <testcase name="createGroundMediaplanGroup" time="0.269" classname="api.mediaplangroups.MediaplanGroupTest"/>
  <system-out/>
  <testcase name="deleteMediaplanGroup" time="0.285" classname="api.mediaplangroups.MediaplanGroupTest"/>
  <system-out/>
</testsuite> <!-- api.mediaplangroups.MediaplanGroupTest -->
