<?xml version="1.0" encoding="UTF-8"?>
<!-- Generated by org.testng.reporters.JUnitReportReporter -->
<testsuite skipped="0" hostname="LAPTOP-KDHL0MGF" name="api.mediacentersgroup.MediaCenterGroupsTest" tests="12" failures="0" timestamp="2023-04-06T18:03:06 GMT+07:00" time="3.700" errors="0">
  <testcase name="testFindMediacomplexAfterDelete" time="0.234" classname="api.mediacentersgroup.MediaCenterGroupsTest"/>
  <system-out/>
  <testcase name="findMediacomplexAfterDeleteFromGroup" time="0.354" classname="api.mediacentersgroup.MediaCenterGroupsTest"/>
  <system-out/>
  <testcase name="createMobileMCForAdd" time="0.589" classname="api.mediacentersgroup.MediaCenterGroupsTest"/>
  <system-out/>
  <testcase name="updateMediaCenterGroup" time="0.267" classname="api.mediacentersgroup.MediaCenterGroupsTest"/>
  <system-out/>
  <testcase name="checkMediaCenterGroups" time="0.381" classname="api.mediacentersgroup.MediaCenterGroupsTest"/>
  <system-out/>
  <testcase name="addMediacomplexToGroup" time="0.308" classname="api.mediacentersgroup.MediaCenterGroupsTest"/>
  <system-out/>
  <testcase name="createMediaCenterGroup" time="0.232" classname="api.mediacentersgroup.MediaCenterGroupsTest"/>
  <system-out/>
  <testcase name="errorCreateMediaCenterGroup" time="0.216" classname="api.mediacentersgroup.MediaCenterGroupsTest"/>
  <system-out/>
  <testcase name="deleteMediacomplexFromGroup" time="0.249" classname="api.mediacentersgroup.MediaCenterGroupsTest"/>
  <system-out/>
  <testcase name="testDeleteMediacomplex" time="0.312" classname="api.mediacentersgroup.MediaCenterGroupsTest"/>
  <system-out/>
  <testcase name="findMediacomplexAfterAddToGroup" time="0.328" classname="api.mediacentersgroup.MediaCenterGroupsTest"/>
  <system-out/>
  <testcase name="deleteMediacenterGroup" time="0.230" classname="api.mediacentersgroup.MediaCenterGroupsTest"/>
  <system-out/>
</testsuite> <!-- api.mediacentersgroup.MediaCenterGroupsTest -->
