<?xml version="1.0" encoding="UTF-8"?>
<!-- Generated by org.testng.reporters.JUnitReportReporter -->
<testsuite skipped="0" hostname="LAPTOP-KDHL0MGF" name="api.mediacenters.MetroMediacentersTest" tests="6" failures="0" timestamp="2023-04-06T18:03:06 GMT+07:00" time="1.671" errors="0">
  <testcase name="testFindCreatedMetroMC" time="0.305" classname="api.mediacenters.MetroMediacentersTest"/>
  <system-out/>
  <testcase name="testCreateMetroMC" time="0.396" classname="api.mediacenters.MetroMediacentersTest"/>
  <system-out/>
  <testcase name="testDeleteMetroMediacomplex" time="0.268" classname="api.mediacenters.MetroMediacentersTest"/>
  <system-out/>
  <testcase name="testFindMetroMCAfterDelete" time="0.199" classname="api.mediacenters.MetroMediacentersTest"/>
  <system-out/>
  <testcase name="testFindMetroMCAfterEdit" time="0.227" classname="api.mediacenters.MetroMediacentersTest"/>
  <system-out/>
  <testcase name="testEditMetroMC" time="0.276" classname="api.mediacenters.MetroMediacentersTest"/>
  <system-out/>
</testsuite> <!-- api.mediacenters.MetroMediacentersTest -->
