<?xml version="1.0" encoding="UTF-8"?>
<!-- Generated by org.testng.reporters.JUnitReportReporter -->
<testsuite skipped="0" hostname="LAPTOP-KDHL0MGF" name="api.users.TestUsers" tests="2" failures="0" timestamp="2023-04-06T18:03:06 GMT+07:00" time="0.689" errors="0">
  <testcase name="authAdministrator" time="0.298" classname="api.users.TestUsers"/>
  <system-out/>
  <testcase name="getUserList" time="0.391" classname="api.users.TestUsers"/>
  <system-out/>
</testsuite> <!-- api.users.TestUsers -->
