<?xml version="1.0" encoding="UTF-8"?>
<!-- Generated by org.testng.reporters.JUnitReportReporter -->
<testsuite skipped="0" hostname="LAPTOP-KDHL0MGF" name="api.mediacenters.MobileMediacentersTest" tests="8" failures="0" timestamp="2023-04-06T18:03:06 GMT+07:00" time="4.968" errors="0">
  <testcase name="testCreateMobileMC" time="0.290" classname="api.mediacenters.MobileMediacentersTest"/>
  <system-out/>
  <testcase name="testDeleteMediacomplex" time="0.228" classname="api.mediacenters.MobileMediacentersTest"/>
  <system-out/>
  <testcase name="testFindMediacomplexAfterEdit" time="0.226" classname="api.mediacenters.MobileMediacentersTest"/>
  <system-out/>
  <testcase name="testFindMediacomplexAfterDelete" time="0.255" classname="api.mediacenters.MobileMediacentersTest"/>
  <system-out/>
  <testcase name="testEditMobileMC" time="0.302" classname="api.mediacenters.MobileMediacentersTest"/>
  <system-out/>
  <testcase name="findCreateMobileMediacomplex" time="0.303" classname="api.mediacenters.MobileMediacentersTest"/>
  <system-out/>
  <testcase name="mediaComplexList" time="3.087" classname="api.mediacenters.MobileMediacentersTest"/>
  <system-out/>
  <testcase name="checkMonitorResolution" time="0.277" classname="api.mediacenters.MobileMediacentersTest"/>
  <system-out/>
</testsuite> <!-- api.mediacenters.MobileMediacentersTest -->
