<?xml version="1.0" encoding="UTF-8"?>
<!-- Generated by org.testng.reporters.JUnitReportReporter -->
<testsuite skipped="0" hostname="LAPTOP-KDHL0MGF" name="api.logs.LogsTest" tests="1" failures="0" timestamp="2023-04-06T18:03:06 GMT+07:00" time="0.515" errors="0">
  <testcase name="userLogsList" time="0.515" classname="api.logs.LogsTest"/>
  <system-out/>
</testsuite> <!-- api.logs.LogsTest -->
